Thu Oct 16 15:46:57 EDT 2014  [debug] AvalonLogSystem initialized using logfile 'C:\Users\hp world\Documents\GitHub\eExhibition.com\.metadata\.plugins\com.genuitec.eclipse.templates\velocity.log'
Thu Oct 16 15:46:57 EDT 2014   [info] ************************************************************** 
Thu Oct 16 15:46:57 EDT 2014   [info] Starting Jakarta Velocity v1.4
Thu Oct 16 15:46:57 EDT 2014   [info] RuntimeInstance initializing.
Thu Oct 16 15:46:57 EDT 2014   [info] Default Properties File: org\apache\velocity\runtime\defaults\velocity.properties
Thu Oct 16 15:46:57 EDT 2014   [info] Trying to use logger class org.apache.velocity.runtime.log.AvalonLogSystem
Thu Oct 16 15:46:57 EDT 2014   [info] Using logger class org.apache.velocity.runtime.log.AvalonLogSystem
Thu Oct 16 15:46:57 EDT 2014   [info] Default ResourceManager initializing. (class org.apache.velocity.runtime.resource.ResourceManagerImpl)
Thu Oct 16 15:46:57 EDT 2014   [info] Resource Loader Instantiated: com.genuitec.eclipse.templates.internal.PluginResourceLoader
Thu Oct 16 15:46:57 EDT 2014   [info] ResourceCache : initialized. (class org.apache.velocity.runtime.resource.ResourceCacheImpl)
Thu Oct 16 15:46:57 EDT 2014   [info] Default ResourceManager initialization complete.
Thu Oct 16 15:46:57 EDT 2014   [info] Loaded System Directive: org.apache.velocity.runtime.directive.Literal
Thu Oct 16 15:46:57 EDT 2014   [info] Loaded System Directive: org.apache.velocity.runtime.directive.Macro
Thu Oct 16 15:46:57 EDT 2014   [info] Loaded System Directive: org.apache.velocity.runtime.directive.Parse
Thu Oct 16 15:46:57 EDT 2014   [info] Loaded System Directive: org.apache.velocity.runtime.directive.Include
Thu Oct 16 15:46:57 EDT 2014   [info] Loaded System Directive: org.apache.velocity.runtime.directive.Foreach
Thu Oct 16 15:46:57 EDT 2014   [info] Created: 20 parsers.
Thu Oct 16 15:46:57 EDT 2014   [info] Velocimacro : initialization starting.
Thu Oct 16 15:46:57 EDT 2014   [info] Velocimacro : adding VMs from VM library template : VM_global_library.vm
Thu Oct 16 15:46:57 EDT 2014  [error] ResourceManager : unable to find resource 'VM_global_library.vm' in any resource loader.
Thu Oct 16 15:46:57 EDT 2014   [info] Velocimacro : error using  VM library template VM_global_library.vm : org.apache.velocity.exception.ResourceNotFoundException: Unable to find resource 'VM_global_library.vm'
Thu Oct 16 15:46:57 EDT 2014   [info] Velocimacro :  VM library template macro registration complete.
Thu Oct 16 15:46:57 EDT 2014   [info] Velocimacro : allowInline = true : VMs can be defined inline in templates
Thu Oct 16 15:46:57 EDT 2014   [info] Velocimacro : allowInlineToOverride = true : VMs defined inline may replace previous VM definitions
Thu Oct 16 15:46:57 EDT 2014   [info] Velocimacro : allowInlineLocal = true : VMs defined inline will be local to their defining template only.
Thu Oct 16 15:46:57 EDT 2014   [info] Velocimacro : messages on  : VM system will output logging messages
Thu Oct 16 15:46:57 EDT 2014   [info] Velocimacro : autoload off  : VM system will not automatically reload global library macros
Thu Oct 16 15:46:57 EDT 2014   [info] Velocimacro : initialization complete.
Thu Oct 16 15:46:57 EDT 2014   [info] Velocity successfully started.
Thu Oct 16 15:46:57 EDT 2014   [info] ResourceManager : found templates/web.xml.vm with loader com.genuitec.eclipse.templates.internal.PluginResourceLoader
Thu Oct 16 15:46:58 EDT 2014   [info] ResourceManager : found /templates/velocity/welcome/Jsp.vtl with loader com.genuitec.eclipse.templates.internal.PluginResourceLoader
Thu Oct 16 15:55:04 EDT 2014   [info] ResourceManager : found templates/jsp/Jsp.vtl with loader com.genuitec.eclipse.templates.internal.PluginResourceLoader
Thu Oct 16 15:55:04 EDT 2014   [info] ResourceManager : found templates/jsp/JSPMetaTags.vtl with loader com.genuitec.eclipse.templates.internal.PluginResourceLoader
Thu Oct 16 16:03:35 EDT 2014   [info] ResourceManager : found templates/jsp/Jsp.vtl with loader com.genuitec.eclipse.templates.internal.PluginResourceLoader
Thu Oct 16 16:03:35 EDT 2014   [info] ResourceManager : found templates/jsp/JSPMetaTags.vtl with loader com.genuitec.eclipse.templates.internal.PluginResourceLoader
Thu Oct 16 16:04:22 EDT 2014   [info] ResourceManager : found templates/jsp/Jsp.vtl with loader com.genuitec.eclipse.templates.internal.PluginResourceLoader
Thu Oct 16 16:04:22 EDT 2014   [info] ResourceManager : found templates/jsp/JSPMetaTags.vtl with loader com.genuitec.eclipse.templates.internal.PluginResourceLoader
Thu Oct 16 16:05:01 EDT 2014   [info] ResourceManager : found templates/jsp/Jsp.vtl with loader com.genuitec.eclipse.templates.internal.PluginResourceLoader
Thu Oct 16 16:05:01 EDT 2014   [info] ResourceManager : found templates/jsp/JSPMetaTags.vtl with loader com.genuitec.eclipse.templates.internal.PluginResourceLoader
Thu Oct 16 16:05:39 EDT 2014   [info] ResourceManager : found templates/jsp/Jsp.vtl with loader com.genuitec.eclipse.templates.internal.PluginResourceLoader
Thu Oct 16 16:05:39 EDT 2014   [info] ResourceManager : found templates/jsp/JSPMetaTags.vtl with loader com.genuitec.eclipse.templates.internal.PluginResourceLoader
Thu Oct 16 16:12:34 EDT 2014   [info] ResourceManager : found templates/jsp/Jsp.vtl with loader com.genuitec.eclipse.templates.internal.PluginResourceLoader
Thu Oct 16 16:12:34 EDT 2014   [info] ResourceManager : found templates/jsp/JSPMetaTags.vtl with loader com.genuitec.eclipse.templates.internal.PluginResourceLoader
